Number of words dondownloaded:  200  Speed:  1.3255624186992645 sec/wrd  Last words len  agobiante    265.112508058548
Number of words dondownloaded:  400  Speed:  1.3348585945367812 sec/wrd  Last words len  gasa    533.9434630870819
Number of words dondownloaded:  600  Speed:  1.3298861050605775 sec/wrd  Last words len  esencia    797.9316890239716
Number of words dondownloaded:  800  Speed:  1.3477946245670318 sec/wrd  Last words len  ingresar    1078.2357232570648
Number of words dondownloaded:  1000  Speed:  1.3575856349468232 sec/wrd  Last words len  hartarse    1357.5856566429138
Message: chrome not reachable
  (Session info: headless chrome=67.0.3396.99)
  (Driver info: chromedriver=2.40.565383 (76257d1ab79276b2d53ee976b2c3e3b9f335cde7),platform=Linux 4.9.0-7-amd64 x86_64)

mejorar
Message: chrome not reachable
  (Session info: headless chrome=67.0.3396.99)
  (Driver info: chromedriver=2.40.565383 (76257d1ab79276b2d53ee976b2c3e3b9f335cde7),platform=Linux 4.9.0-7-amd64 x86_64)

subir
Message: chrome not reachable
  (Session info: headless chrome=67.0.3396.99)
  (Driver info: chromedriver=2.40.565383 (76257d1ab79276b2d53ee976b2c3e3b9f335cde7),platform=Linux 4.9.0-7-amd64 x86_64)

encumbrarse
Message: chrome not reachable
  (Session info: headless chrome=67.0.3396.99)
  (Driver info: chromedriver=2.40.565383 (76257d1ab79276b2d53ee976b2c3e3b9f335cde7),platform=Linux 4.9.0-7-amd64 x86_64)

crecer
Encounter get Timeout
Encounter get Timeout
Encounter get Timeout
Encounter get Timeout
Did not get access to the url! already browser reset
Number of words dondownloaded:  1200  Speed:  1.359828978975614 sec/wrd  Last words len  notificar    1631.794802904129
Number of words dondownloaded:  1400  Speed:  1.365277771438871 sec/wrd  Last words len  perder el equilibrio    1911.3889064788818
Number of words dondownloaded:  1600  Speed:  1.3649734641611575 sec/wrd  Last words len  rótulo    2183.957565307617
Encounter get Timeout
Did not get access to the url! already browser reset
Number of words dondownloaded:  1800  Speed:  1.3672259929445054 sec/wrd  Last words len  escaso    2461.006810426712
Number of words dondownloaded:  2000  Speed:  1.3646904845237733 sec/wrd  Last words len  dedicarse    2729.3809900283813
Number of words dondownloaded:  2200  Speed:  1.3654220151901244 sec/wrd  Last words len  insistente    3003.928454875946
Number of words dondownloaded:  2400  Speed:  1.3599566766619682 sec/wrd  Last words len  afonía    3263.8960449695587
Number of words dondownloaded:  2600  Speed:  1.3619982106869037 sec/wrd  Last words len  depravación    3541.1953694820404
Number of words dondownloaded:  2800  Speed:  1.3591579953261783 sec/wrd  Last words len  definición    3805.6424083709717
Number of words dondownloaded:  3000  Speed:  1.3555596692562104 sec/wrd  Last words len  perorata    4066.67902803421
Number of words dondownloaded:  3200  Speed:  1.3545660346001387 sec/wrd  Last words len  caudal    4334.611330986023
Number of words dondownloaded:  3400  Speed:  1.3537316143512725 sec/wrd  Last words len  agradable    4602.687510967255
Number of words dondownloaded:  3600  Speed:  1.3518630464871724 sec/wrd  Last words len  indomable    4866.70699262619
Number of words dondownloaded:  3800  Speed:  1.3507191651118429 sec/wrd  Last words len  listillo    5132.7328498363495
Number of words dondownloaded:  4000  Speed:  1.3487859345674515 sec/wrd  Last words len  francachela    5395.143772363663
Number of words dondownloaded:  4200  Speed:  1.3490081199577877 sec/wrd  Last words len  dejado    5665.834127187729
Number of words dondownloaded:  4400  Speed:  1.3467318087816238 sec/wrd  Last words len  relator    5925.619981050491
Number of words dondownloaded:  4600  Speed:  1.344892931450968 sec/wrd  Last words len  civilización    6186.507504224777
Number of words dondownloaded:  4800  Speed:  1.3430670928955077 sec/wrd  Last words len  baquetazo    6446.722067832947
Number of words dondownloaded:  5000  Speed:  1.342600584745407 sec/wrd  Last words len  quebradizo    6713.002944231033
Number of words dondownloaded:  5200  Speed:  1.3410200799886998 sec/wrd  Last words len  deberes    6973.304437637329
Number of words dondownloaded:  5400  Speed:  1.3382955732168975 sec/wrd  Last words len  bofetón    7226.796115636826
Number of words dondownloaded:  5600  Speed:  1.3360831847786903 sec/wrd  Last words len  corazonada    7482.065860271454
Number of words dondownloaded:  5800  Speed:  1.3358941476098423 sec/wrd  Last words len  inclusión    7748.18607711792
Number of words dondownloaded:  6000  Speed:  1.3349119442303976 sec/wrd  Last words len  punta    8009.47168636322
Number of words dondownloaded:  6200  Speed:  1.3342556863830937 sec/wrd  Last words len  irrisorio    8272.385275125504
Number of words dondownloaded:  6400  Speed:  1.3331938045844436 sec/wrd  Last words len  manutención    8532.440370082855
Number of words dondownloaded:  6600  Speed:  1.3320804865432507 sec/wrd  Last words len  cuento    8791.73123049736
Message: timeout
  (Session info: headless chrome=67.0.3396.99)
  (Driver info: chromedriver=2.40.565383 (76257d1ab79276b2d53ee976b2c3e3b9f335cde7),platform=Linux 4.9.0-7-amd64 x86_64)

fango
Number of words dondownloaded:  6800  Speed:  1.3321135423113317 sec/wrd  Last words len  ruborizado    9058.3721139431
Number of words dondownloaded:  7000  Speed:  1.3301487502370561 sec/wrd  Last words len  acobardado    9311.0412607193
Number of words dondownloaded:  7200  Speed:  1.3284671441713969 sec/wrd  Last words len  fulgor    9564.963459253311
Encounter get Timeout
Did not get access to the url! already browser reset
Number of words dondownloaded:  7400  Speed:  1.3291678336182156 sec/wrd  Last words len  vejado    9835.84199166298
Number of words dondownloaded:  7600  Speed:  1.3265424511307164 sec/wrd  Last words len  rociadura    10081.722648620605
Number of words dondownloaded:  7800  Speed:  1.3253122064394829 sec/wrd  Last words len  torna    10337.435231924057
Number of words dondownloaded:  8000  Speed:  1.3248600429594517 sec/wrd  Last words len  determinar    10598.880365610123
Number of words dondownloaded:  8200  Speed:  1.3272525844341372 sec/wrd  Last words len  constreñir    10883.471210479736
Number of words dondownloaded:  8400  Speed:  1.3283192059255782 sec/wrd  Last words len  solazar    11157.881351947784
Number of words dondownloaded:  8600  Speed:  1.3288392815201782 sec/wrd  Last words len  azucarar    11428.017842531204
Number of words dondownloaded:  8800  Speed:  1.3295754653215408 sec/wrd  Last words len  averiguar    11700.26411485672
Encounter get Timeout
Did not get access to the url! already browser reset
Number of words dondownloaded:  9000  Speed:  1.3315438527531094 sec/wrd  Last words len  retirarse    11983.894694566727
Number of words dondownloaded:  9200  Speed:  1.3320112483656925 sec/wrd  Last words len  achispar    12254.503508329391
Number of words dondownloaded:  9400  Speed:  1.3324151428709639 sec/wrd  Last words len  esfumar    12524.702364683151
Number of words dondownloaded:  9600  Speed:  1.3329455038905145 sec/wrd  Last words len  recuperar    12796.27687883377
Number of words dondownloaded:  9800  Speed:  1.3329831688987965 sec/wrd  Last words len  mantener    13063.23507642746
Number of words dondownloaded:  10000  Speed:  1.3327165606975555 sec/wrd  Last words len  colorear    13327.16562795639
Number of words dondownloaded:  10200  Speed:  1.3317962404793384 sec/wrd  Last words len  corajina    13584.321675539017
Number of words dondownloaded:  10400  Speed:  1.331187513745748 sec/wrd  Last words len  mate    13844.35016489029
Encounter get Timeout
Did not get access to the url! already browser reset
Number of words dondownloaded:  10600  Speed:  1.3311266256728262 sec/wrd  Last words len  corrección    14109.942254066467
Number of words dondownloaded:  10800  Speed:  1.330355068401054 sec/wrd  Last words len  desemejanza    14367.834762096405
Number of words dondownloaded:  11000  Speed:  1.3297256967587905 sec/wrd  Last words len  recibido    14626.982686519623
Number of words dondownloaded:  11200  Speed:  1.3283873893320561 sec/wrd  Last words len  tiple    14877.938782691956
Number of words dondownloaded:  11400  Speed:  1.3277390591930924 sec/wrd  Last words len  pulmonía    15136.225296020508
Number of words dondownloaded:  11600  Speed:  1.3271494596991045 sec/wrd  Last words len  carga    15394.933752059937
Number of words dondownloaded:  11800  Speed:  1.3263949325731246 sec/wrd  Last words len  cartilla    15651.460225820541
Number of words dondownloaded:  12000  Speed:  1.3254810566306114 sec/wrd  Last words len  enrarecido    15905.772701263428
Message: timeout
  (Session info: headless chrome=67.0.3396.99)
  (Driver info: chromedriver=2.40.565383 (76257d1ab79276b2d53ee976b2c3e3b9f335cde7),platform=Linux 4.9.0-7-amd64 x86_64)

intangible
Encounter get Timeout
Did not get access to the url! already browser reset
Number of words dondownloaded:  12200  Speed:  1.3262336929118046 sec/wrd  Last words len  realista    16180.05107665062
Number of words dondownloaded:  12400  Speed:  1.3253067513435117 sec/wrd  Last words len  fantasmón    16433.803741455078
Number of words dondownloaded:  12600  Speed:  1.3242455073197683 sec/wrd  Last words len  enlodado    16685.493411779404
Number of words dondownloaded:  12800  Speed:  1.3232245591282845 sec/wrd  Last words len  registrado    16937.274374961853
Number of words dondownloaded:  13000  Speed:  1.3233602724808913 sec/wrd  Last words len  madrigal    17203.683562278748
Number of words dondownloaded:  13200  Speed:  1.3223621424219825 sec/wrd  Last words len  escupidura    17455.180306196213
Number of words dondownloaded:  13400  Speed:  1.321439876538604 sec/wrd  Last words len  afortunado    17707.294368743896
Number of words dondownloaded:  13600  Speed:  1.3217821695874719 sec/wrd  Last words len  exuberancia    17976.23752593994
Number of words dondownloaded:  13800  Speed:  1.3213958114817523 sec/wrd  Last words len  presidiario    18235.26221847534
Number of words dondownloaded:  14000  Speed:  1.3207878952877863 sec/wrd  Last words len  victorioso    18491.030556678772
Number of words dondownloaded:  14200  Speed:  1.3199316032671593 sec/wrd  Last words len  abastecimiento    18743.028787374496
Number of words dondownloaded:  14400  Speed:  1.3188114257653554 sec/wrd  Last words len  flaccidez    18990.884552955627
Number of words dondownloaded:  14600  Speed:  1.318381898925729 sec/wrd  Last words len  maritornes    19248.375747203827
Number of words dondownloaded:  14800  Speed:  1.3172853392845876 sec/wrd  Last words len  cornetilla    19495.82304406166
Number of words dondownloaded:  15000  Speed:  1.3164367170174918 sec/wrd  Last words len  jaez    19746.550774097443
Number of words dondownloaded:  15200  Speed:  1.3153282851765031 sec/wrd  Last words len  líder    19992.98995900154
Number of words dondownloaded:  15400  Speed:  1.3166811083973229 sec/wrd  Last words len  imaginativo    20276.88909125328
Number of words dondownloaded:  15600  Speed:  1.317333958255939 sec/wrd  Last words len  calabrote    20550.40977048874
Number of words dondownloaded:  15800  Speed:  1.3179627078696143 sec/wrd  Last words len  paganismo    20823.810804367065
Number of words dondownloaded:  16000  Speed:  1.3186724959164857 sec/wrd  Last words len  galardón    21098.75995516777
Number of words dondownloaded:  16200  Speed:  1.3179441271152026 sec/wrd  Last words len  arquilla    21350.694883823395
Number of words dondownloaded:  16400  Speed:  1.3167835602963842 sec/wrd  Last words len  afluente    21595.25041270256
Number of words dondownloaded:  16600  Speed:  1.3157768896832525 sec/wrd  Last words len  fletador    21841.89638853073
Number of words dondownloaded:  16800  Speed:  1.3143299029128892 sec/wrd  Last words len  oliváceo    22080.742389440536
Number of words dondownloaded:  17000  Speed:  1.3139969616918004 sec/wrd  Last words len  energético    22337.94836616516
Encounter get Timeout
Did not get access to the url! already browser reset
Number of words dondownloaded:  17200  Speed:  1.3137820894496386 sec/wrd  Last words len  guagua    22597.051964759827
Number of words dondownloaded:  17400  Speed:  1.3127930969068373 sec/wrd  Last words len  contragolpe    22842.599910497665
Number of words dondownloaded:  17600  Speed:  1.3117397904396058 sec/wrd  Last words len  anochecer    23086.620333194733
Number of words dondownloaded:  17800  Speed:  1.3110671862859404 sec/wrd  Last words len  combadura    23336.995935440063
Number of words dondownloaded:  18000  Speed:  1.3104717005756166 sec/wrd  Last words len  palmarla    23588.490633249283
Message: timeout
  (Session info: headless chrome=67.0.3396.99)
  (Driver info: chromedriver=2.40.565383 (76257d1ab79276b2d53ee976b2c3e3b9f335cde7),platform=Linux 4.9.0-7-amd64 x86_64)

nublarse
Encounter get Timeout
Did not get access to the url! already browser reset
Number of words dondownloaded:  18200  Speed:  1.3114925404040367 sec/wrd  Last words len  transparentarse    23869.164256095886
Number of words dondownloaded:  18400  Speed:  1.3113605584528136 sec/wrd  Last words len  desvalijar    24129.034295082092
Number of words dondownloaded:  18600  Speed:  1.3114981345335643 sec/wrd  Last words len  embarrancar    24393.865326166153
Number of words dondownloaded:  18800  Speed:  1.3116517980428453 sec/wrd  Last words len  enromar    24659.05382514
Number of words dondownloaded:  19000  Speed:  1.3111956660245594 sec/wrd  Last words len  despegar    24912.717675209045
Number of words dondownloaded:  19200  Speed:  1.31083436883986 sec/wrd  Last words len  configurar    25168.019904851913
Number of words dondownloaded:  19400  Speed:  1.3106639682017651 sec/wrd  Last words len  confrontación    25426.881007909775
Number of words dondownloaded:  19600  Speed:  1.3100901518062669 sec/wrd  Last words len  albuginoso    25677.76699733734
Number of words dondownloaded:  19800  Speed:  1.3096023544879876 sec/wrd  Last words len  codadura    25930.126644849777
Number of words dondownloaded:  20000  Speed:  1.309110096025467 sec/wrd  Last words len  lejía    26182.20194220543
Encounter get Timeout
Encounter get Timeout
Did not get access to the url! already browser reset
Number of words dondownloaded:  20200  Speed:  1.3099413496196861 sec/wrd  Last words len  ensanchamiento    26460.81528878212
Number of words dondownloaded:  20400  Speed:  1.3092806645818784 sec/wrd  Last words len  impavidez    26709.32557606697
Number of words dondownloaded:  20600  Speed:  1.308495912991681 sec/wrd  Last words len  media naranja    26955.01582622528
Number of words dondownloaded:  20800  Speed:  1.3077982109670456 sec/wrd  Last words len  fácilmente    27202.202808856964
Number of words dondownloaded:  21000  Speed:  1.3075438036350977 sec/wrd  Last words len  a lo que salga    27458.419885635376
Number of words dondownloaded:  21200  Speed:  1.3067609758084675 sec/wrd  Last words len  vengador    27703.332703590393
Number of words dondownloaded:  21400  Speed:  1.3062348397090056 sec/wrd  Last words len  explícito    27953.42558670044
Number of words dondownloaded:  21600  Speed:  1.3054539533345788 sec/wrd  Last words len  ulceración    28197.805415391922
Number of words dondownloaded:  21800  Speed:  1.3048064976875935 sec/wrd  Last words len  instalación    28444.781668186188
Number of words dondownloaded:  22000  Speed:  1.3037839138399472 sec/wrd  Last words len  etnia    28683.246114730835
Number of words dondownloaded:  22200  Speed:  1.3029692822426289 sec/wrd  Last words len  hez    28925.91808772087
Number of words dondownloaded:  22400  Speed:  1.3024662709023271 sec/wrd  Last words len  augusto    29175.244488477707
Number of words dondownloaded:  22600  Speed:  1.3020895497039355 sec/wrd  Last words len  primicia    29427.223845243454
Number of words dondownloaded:  22800  Speed:  1.3015216065080542 sec/wrd  Last words len  latir    29674.69264960289
Number of words dondownloaded:  23000  Speed:  1.3013239642329837 sec/wrd  Last words len  enjaezar    29930.451208114624
Number of words dondownloaded:  23200  Speed:  1.3009644981396609 sec/wrd  Last words len  entrever    30182.376376628876
Number of words dondownloaded:  23400  Speed:  1.300760073081041 sec/wrd  Last words len  procurarse    30437.78573036194
Number of words dondownloaded:  23600  Speed:  1.3003266399088553 sec/wrd  Last words len  desalforjar    30687.708721637726
Number of words dondownloaded:  23800  Speed:  1.2995494067268212 sec/wrd  Last words len  repeluco    30929.27590084076
Number of words dondownloaded:  24000  Speed:  1.2990823647181193 sec/wrd  Last words len  escondite    31177.976774454117
Number of words dondownloaded:  24200  Speed:  1.298608512907974 sec/wrd  Last words len  ditirambo    31426.32603287697
Number of words dondownloaded:  24400  Speed:  1.298068291232234 sec/wrd  Last words len  ligera    31672.866340875626
Number of words dondownloaded:  24600  Speed:  1.2971625317209134 sec/wrd  Last words len  fundente    31910.19829750061
Number of words dondownloaded:  24800  Speed:  1.2964887983183706 sec/wrd  Last words len  connubio    32152.922216892242
Number of words dondownloaded:  25000  Speed:  1.2958966469192505 sec/wrd  Last words len  sintetizado    32397.416190624237
Number of words dondownloaded:  25200  Speed:  1.2951866612737142 sec/wrd  Last words len  lanzazo    32638.703884363174
Number of words dondownloaded:  25400  Speed:  1.2947056817539095 sec/wrd  Last words len  fluvial    32885.52433633804
Number of words dondownloaded:  25600  Speed:  1.2940879345405847 sec/wrd  Last words len  chapaleo    33128.65114235878
Number of words dondownloaded:  25800  Speed:  1.2934933546347211 sec/wrd  Last words len  denuesto    33372.12856054306
Number of words dondownloaded:  26000  Speed:  1.292698689534114 sec/wrd  Last words len  tósigo    33610.16595172882
Number of words dondownloaded:  26200  Speed:  1.2920952030083606 sec/wrd  Last words len  temerariamente    33852.89433693886
Number of words dondownloaded:  26400  Speed:  1.2915530683235688 sec/wrd  Last words len  cristiano    34097.001012802124
Encounter get Timeout
Did not get access to the url! already browser reset
Number of words dondownloaded:  26600  Speed:  1.291591744799363 sec/wrd  Last words len  embobador    34356.34042978287
Number of words dondownloaded:  26800  Speed:  1.2910889638448828 sec/wrd  Last words len  inducido    34601.18425607681
Number of words dondownloaded:  27000  Speed:  1.2903754219832244 sec/wrd  Last words len  carraspera    34840.13641357422
Number of words dondownloaded:  27200  Speed:  1.2901030121130102 sec/wrd  Last words len  encasquillarse    35090.80195021629
Number of words dondownloaded:  27400  Speed:  1.290007434500395 sec/wrd  Last words len  garlar    35346.20372724533
Number of words dondownloaded:  27600  Speed:  1.2896624745666116 sec/wrd  Last words len  briscado    35594.68431687355
Number of words dondownloaded:  27800  Speed:  1.2890547804266428 sec/wrd  Last words len  Eléctrica    35835.722912073135
Number of words dondownloaded:  28000  Speed:  1.2882795461841992 sec/wrd  Last words len  zorrastrón    36071.8273062706
Number of words dondownloaded:  28200  Speed:  1.287661308160065 sec/wrd  Last words len  zaramullo    36312.04890823364
Number of words dondownloaded:  28400  Speed:  1.2868198964209623 sec/wrd  Last words len  zallar    36545.685069322586
Number of words dondownloaded:  28600  Speed:  1.28590840189607 sec/wrd  Last words len  actea    36776.980311870575
Number of words dondownloaded:  28800  Speed:  1.2848984538349841 sec/wrd  Last words len  extranjerismo    37005.075488328934
Number of words dondownloaded:  29000  Speed:  1.2843087386427254 sec/wrd  Last words len  vizcachera    37244.953429460526
Number of words dondownloaded:  29200  Speed:  1.2836062469629392 sec/wrd  Last words len  vinagreta    37481.30242943764
Number of words dondownloaded:  29400  Speed:  1.2829042439558067 sec/wrd  Last words len  crepuscular    37717.384788274765
Number of words dondownloaded:  29600  Speed:  1.2821915010101086 sec/wrd  Last words len  peerse    37952.868451833725
Number of words dondownloaded:  29800  Speed:  1.282456912098315 sec/wrd  Last words len  botánica    38217.21599841118
Number of words dondownloaded:  30000  Speed:  1.2824641299962998 sec/wrd  Last words len  vaivoda    38473.9239089489
Number of words dondownloaded:  30200  Speed:  1.2824689472511115 sec/wrd  Last words len  uranometría    38730.56221795082
Number of words dondownloaded:  30400  Speed:  1.2827289972415097 sec/wrd  Last words len  paloma    38994.96153521538
Number of words dondownloaded:  30600  Speed:  1.2820244689860376 sec/wrd  Last words len  turbal    39229.94876599312
Number of words dondownloaded:  30800  Speed:  1.2811006788851378 sec/wrd  Last words len  marxismo    39457.90092635155
Number of words dondownloaded:  31000  Speed:  1.280231045276888 sec/wrd  Last words len  trincaesquinas    39687.16241765022
Number of words dondownloaded:  31200  Speed:  1.2794504183225142 sec/wrd  Last words len  trefe    39918.85306310654
Number of words dondownloaded:  31400  Speed:  1.2789110624106825 sec/wrd  Last words len  trasguear    40157.807367801666
Number of words dondownloaded:  31600  Speed:  1.2786501120012017 sec/wrd  Last words len  transfixión    40405.3435485363
Number of words dondownloaded:  31800  Speed:  1.2780773738495208 sec/wrd  Last words len  toña    40642.86050057411
Number of words dondownloaded:  32000  Speed:  1.2773962132930756 sec/wrd  Last words len  terrón    40876.67884135246
Number of words dondownloaded:  32200  Speed:  1.2765344698680854 sec/wrd  Last words len  toldar    41104.40993952751
Number of words dondownloaded:  32400  Speed:  1.2757208151655433 sec/wrd  Last words len  tipografía    41333.354420900345
Number of words dondownloaded:  32600  Speed:  1.2749975053591232 sec/wrd  Last words len  tetón    41564.91868543625
Number of words dondownloaded:  32800  Speed:  1.2743371903896332 sec/wrd  Last words len  termiónico    41798.259853601456
Number of words dondownloaded:  33000  Speed:  1.273431461767717 sec/wrd  Last words len  tenallón    42023.23825955391
Number of words dondownloaded:  33200  Speed:  1.272546827886478 sec/wrd  Last words len  teda    42248.55469751358
Number of words dondownloaded:  33400  Speed:  1.2715595121012477 sec/wrd  Last words len  tararí    42470.08771276474
Number of words dondownloaded:  33600  Speed:  1.2704775497388272 sec/wrd  Last words len  tambocha    42688.04568219185
Number of words dondownloaded:  33800  Speed:  1.2699532072149085 sec/wrd  Last words len  tacada    42924.41841363907
Number of words dondownloaded:  34000  Speed:  1.269211098348393 sec/wrd  Last words len  sustanciar    43153.17735290527
Number of words dondownloaded:  34200  Speed:  1.2686387063188163 sec/wrd  Last words len  sulfurado    43387.443766117096
Number of words dondownloaded:  34400  Speed:  1.2681048248604287 sec/wrd  Last words len  denominador    43622.80599284172
Number of words dondownloaded:  34600  Speed:  1.2676130628585816 sec/wrd  Last words len  sorrostrada    43859.41198682785
Message: timeout
  (Session info: headless chrome=67.0.3396.99)
  (Driver info: chromedriver=2.40.565383 (76257d1ab79276b2d53ee976b2c3e3b9f335cde7),platform=Linux 4.9.0-7-amd64 x86_64)

sorgo
Encounter get Timeout
Did not get access to the url! already browser reset
Number of words dondownloaded:  34800  Speed:  1.267203872587489 sec/wrd  Last words len  chef    44098.69478702545
Number of words dondownloaded:  35000  Speed:  1.2666330870900835 sec/wrd  Last words len  sobretendón    44332.158057928085
Number of words dondownloaded:  35200  Speed:  1.2660543400252406 sec/wrd  Last words len  sobadura    44565.112777233124
Number of words dondownloaded:  35400  Speed:  1.2654698744736148 sec/wrd  Last words len  simoniaco    44797.6335670948
Number of words dondownloaded:  35600  Speed:  1.264686745311437 sec/wrd  Last words len  señoreador    45022.848155260086
Number of words dondownloaded:  35800  Speed:  1.2640161330140502 sec/wrd  Last words len  sericicultor    45251.77757024765
Number of words dondownloaded:  36000  Speed:  1.2634169234832129 sec/wrd  Last words len  semicilindro    45483.0092549324
Number of words dondownloaded:  36200  Speed:  1.2628605724632411 sec/wrd  Last words len  saz    45715.552731752396
Number of words dondownloaded:  36400  Speed:  1.2622583850399478 sec/wrd  Last words len  santulón    45946.205224990845
Number of words dondownloaded:  36600  Speed:  1.2616832809435214 sec/wrd  Last words len  samotana    46177.60809111595
Encounter get Timeout
Did not get access to the url! already browser reset
Number of words dondownloaded:  36800  Speed:  1.2613801352355791 sec/wrd  Last words len  salga    46418.7889854908
Number of words dondownloaded:  37000  Speed:  1.2609404432966902 sec/wrd  Last words len  sacabalas    46654.79641389847
Number of words dondownloaded:  37200  Speed:  1.2604708024763291 sec/wrd  Last words len  rufón    46889.513867378235
Number of words dondownloaded:  37400  Speed:  1.259899578967834 sec/wrd  Last words len  rompecoches    47120.24426269531
Number of words dondownloaded:  37600  Speed:  1.2593840641100356 sec/wrd  Last words len  riñonada    47352.840926885605
Number of words dondownloaded:  37800  Speed:  1.2588690390157953 sec/wrd  Last words len  revezar    47585.249685287476
Number of words dondownloaded:  38000  Speed:  1.2583657490140514 sec/wrd  Last words len  retamero    47817.898471832275
Number of words dondownloaded:  38200  Speed:  1.2578921963032628 sec/wrd  Last words len  rescriptorio    48051.48191666603
Number of words dondownloaded:  38400  Speed:  1.257347640550385 sec/wrd  Last words len  repajolero    48282.14940619469
Number of words dondownloaded:  38600  Speed:  1.2569432808574617 sec/wrd  Last words len  relumbroso    48518.01065158844
Number of words dondownloaded:  38800  Speed:  1.2563885802522148 sec/wrd  Last words len  regidoría    48747.87692332268
Number of words dondownloaded:  39000  Speed:  1.255933507350775 sec/wrd  Last words len  redolor    48981.40679645538
Number of words dondownloaded:  39200  Speed:  1.2554760070053899 sec/wrd  Last words len  recetador    49214.65948367119
Number of words dondownloaded:  39400  Speed:  1.254987447667243 sec/wrd  Last words len  reactivación    49446.505447387695
Number of words dondownloaded:  39600  Speed:  1.2543425400630392 sec/wrd  Last words len  rancla    49671.96459579468
Number of words dondownloaded:  39800  Speed:  1.2537987896066216 sec/wrd  Last words len  racimudo    49901.191838502884
Number of words dondownloaded:  40000  Speed:  1.253123716366291 sec/wrd  Last words len  quinielístico    50124.94866514206
Number of words dondownloaded:  40200  Speed:  1.2526027785842098 sec/wrd  Last words len  quejada    50354.63170838356
Number of words dondownloaded:  40400  Speed:  1.252079819458546 sec/wrd  Last words len  puntillado    50584.024727106094
Number of words dondownloaded:  40600  Speed:  1.2514354144939648 sec/wrd  Last words len  psicoanalizar    50808.27783727646
Number of words dondownloaded:  40800  Speed:  1.2510286679162699 sec/wrd  Last words len  propiciatorio    51041.96966052055
Number of words dondownloaded:  41000  Speed:  1.2506147961558365 sec/wrd  Last words len  principesa    51275.20665407181
Number of words dondownloaded:  41200  Speed:  1.2500469780952028 sec/wrd  Last words len  prenatal    51501.93550610542
Number of words dondownloaded:  41400  Speed:  1.249476948320002 sec/wrd  Last words len  potoco    51728.345668792725
Number of words dondownloaded:  41600  Speed:  1.2489352631568909 sec/wrd  Last words len  porrón    51955.706958055496
Number of words dondownloaded:  41800  Speed:  1.2485663859752947 sec/wrd  Last words len  politólogo    52190.0749437809
Number of words dondownloaded:  42000  Speed:  1.2480045796803065 sec/wrd  Last words len  pluridisciplinar    52416.19235873222
Number of words dondownloaded:  42200  Speed:  1.247435807944474 sec/wrd  Last words len  placel    52641.7911067009
Number of words dondownloaded:  42400  Speed:  1.2468178290522323 sec/wrd  Last words len  pirofilacio    52865.075961112976
Number of words dondownloaded:  42600  Speed:  1.246466464643747 sec/wrd  Last words len  pimpina    53099.471401929855
Number of words dondownloaded:  42800  Speed:  1.2460083295753068 sec/wrd  Last words len  peño    53329.15651488304
Number of words dondownloaded:  43000  Speed:  1.2455340680577034 sec/wrd  Last words len  perruna    53557.96493577957
Message: timeout
  (Session info: headless chrome=67.0.3396.99)
  (Driver info: chromedriver=2.40.565383 (76257d1ab79276b2d53ee976b2c3e3b9f335cde7),platform=Linux 4.9.0-7-amd64 x86_64)

pericarpio
Message: timeout
  (Session info: headless chrome=67.0.3396.99)
  (Driver info: chromedriver=2.40.565383 (76257d1ab79276b2d53ee976b2c3e3b9f335cde7),platform=Linux 4.9.0-7-amd64 x86_64)

pericarditis
Encounter get Timeout
Encounter get Timeout
Did not get access to the url! already browser reset
Number of words dondownloaded:  43200  Speed:  1.2454207656449743 sec/wrd  Last words len  apasionadamente    53802.177097558975
Number of words dondownloaded:  43400  Speed:  1.24522196176964 sec/wrd  Last words len  peloponesiaco    54042.63314962387
Number of words dondownloaded:  43600  Speed:  1.2447830256683017 sec/wrd  Last words len  pedalear    54272.53992891312
Number of words dondownloaded:  43800  Speed:  1.2443804392586015 sec/wrd  Last words len  paternalismo    54503.86324906349
Message: timeout
  (Session info: headless chrome=67.0.3396.99)
  (Driver info: chromedriver=2.40.565383 (76257d1ab79276b2d53ee976b2c3e3b9f335cde7),platform=Linux 4.9.0-7-amd64 x86_64)

patera
Message: timeout
  (Session info: headless chrome=67.0.3396.99)
  (Driver info: chromedriver=2.40.565383 (76257d1ab79276b2d53ee976b2c3e3b9f335cde7),platform=Linux 4.9.0-7-amd64 x86_64)

patentemente
Encounter get Timeout
Encounter get Timeout
Did not get access to the url! already browser reset
Number of words dondownloaded:  44000  Speed:  1.2444440319917418 sec/wrd  Last words len  parteluz    54755.537417411804
Number of words dondownloaded:  44200  Speed:  1.2442108698074634 sec/wrd  Last words len  parajismo    54994.12045454979
Message: timeout
  (Session info: headless chrome=67.0.3396.99)
  (Driver info: chromedriver=2.40.565383 (76257d1ab79276b2d53ee976b2c3e3b9f335cde7),platform=Linux 4.9.0-7-amd64 x86_64)

pantomímico
Encounter get Timeout
Did not get access to the url! already browser reset
Number of words dondownloaded:  44400  Speed:  1.2441996037423073 sec/wrd  Last words len  paniculado    55242.46241521835
Number of words dondownloaded:  44600  Speed:  1.243826456128749 sec/wrd  Last words len  decoloración    55474.6599650383
Number of words dondownloaded:  44800  Speed:  1.2435328685651932 sec/wrd  Last words len  pacho    55710.27252268791
Number of words dondownloaded:  45000  Speed:  1.2432404147254097 sec/wrd  Last words len  ostensivo    55945.81867170334
Number of words dondownloaded:  45200  Speed:  1.2428667881003523 sec/wrd  Last words len  ordenadamente    56177.57883262634
Number of words dondownloaded:  45400  Speed:  1.2425434575837089 sec/wrd  Last words len  olivífero    56411.47298693657
Number of words dondownloaded:  45600  Speed:  1.2423273769909875 sec/wrd  Last words len  octaédrico    56650.12840294838
Number of words dondownloaded:  45800  Speed:  1.2420865851302334 sec/wrd  Last words len  ñique    56887.56560921669
Number of words dondownloaded:  46000  Speed:  1.2417845575291178 sec/wrd  Last words len  notariado    57122.089668512344
Number of words dondownloaded:  46200  Speed:  1.241343096138595 sec/wrd  Last words len  nigromancía    57350.05105018616
Number of words dondownloaded:  46400  Speed:  1.2411837887301527 sec/wrd  Last words len  neo    57590.9278087616
Number of words dondownloaded:  46600  Speed:  1.2409322568121899 sec/wrd  Last words len  narratorio    57827.44318699837
Number of words dondownloaded:  46800  Speed:  1.240552766032708 sec/wrd  Last words len  Rubicón    58057.86946105957
Number of words dondownloaded:  47000  Speed:  1.2402098868146856 sec/wrd  Last words len  Cobos    58289.86469388008
Encounter get Timeout
Did not get access to the url! already browser reset
Number of words dondownloaded:  47200  Speed:  1.239959645493556 sec/wrd  Last words len  musicastro    58526.09527683258
Number of words dondownloaded:  47400  Speed:  1.239818003227942 sec/wrd  Last words len  almuédano    58767.3733727932
Number of words dondownloaded:  47600  Speed:  1.2395220389586536 sec/wrd  Last words len  morillo    59001.24906420708
Number of words dondownloaded:  47800  Speed:  1.2393223147262589 sec/wrd  Last words len  monologar    59239.60666513443
Number of words dondownloaded:  48000  Speed:  1.2390574743449687 sec/wrd  Last words len  mohecer    59474.75878024101
Number of words dondownloaded:  48200  Speed:  1.2389523527285864 sec/wrd  Last words len  mirobálanos    59717.50341176987
Number of words dondownloaded:  48400  Speed:  1.238659647988879 sec/wrd  Last words len  aquilea    59951.126979351044
Number of words dondownloaded:  48600  Speed:  1.2384890892770555 sec/wrd  Last words len  metatarso    60190.56974864006
Number of words dondownloaded:  48800  Speed:  1.2382108611747866 sec/wrd  Last words len  mentastro    60424.69004893303
Number of words dondownloaded:  49000  Speed:  1.2379596025895099 sec/wrd  Last words len  melapia    60660.0205450058
Number of words dondownloaded:  49200  Speed:  1.2375965394964064 sec/wrd  Last words len  mazonado    60889.74975180626
Number of words dondownloaded:  49400  Speed:  1.2372821152210236 sec/wrd  Last words len  goma de mascar    61121.73651266098
Number of words dondownloaded:  49600  Speed:  1.2369755488201495 sec/wrd  Last words len  marinera    61353.98723077774
Number of words dondownloaded:  49800  Speed:  1.2367101520036599 sec/wrd  Last words len  mantequería    61588.165579319
Message: timeout
  (Session info: headless chrome=67.0.3396.99)
  (Driver info: chromedriver=2.40.565383 (76257d1ab79276b2d53ee976b2c3e3b9f335cde7),platform=Linux 4.9.0-7-amd64 x86_64)

mandrilado
Message: timeout
  (Session info: headless chrome=67.0.3396.99)
  (Driver info: chromedriver=2.40.565383 (76257d1ab79276b2d53ee976b2c3e3b9f335cde7),platform=Linux 4.9.0-7-amd64 x86_64)

mandrachero
Encounter get Timeout
Encounter get Timeout
Did not get access to the url! already browser reset
Number of words dondownloaded:  50000  Speed:  1.2367465922021865 sec/wrd  Last words len  altera    61837.32963037491
Number of words dondownloaded:  50200  Speed:  1.2364319928756273 sec/wrd  Last words len  maldoso    62068.88605284691
Number of words dondownloaded:  50400  Speed:  1.236274639070034 sec/wrd  Last words len  magdaleniense    62308.24183630943
Number of words dondownloaded:  50600  Speed:  1.2361414998981792 sec/wrd  Last words len  macegual    62548.75990366936
Number of words dondownloaded:  50800  Speed:  1.2358658694188427 sec/wrd  Last words len  lucroniense    62781.98617601395
Number of words dondownloaded:  51000  Speed:  1.2356487222933301 sec/wrd  Last words len  lobato    63018.08488225937
Number of words dondownloaded:  51200  Speed:  1.2353796829888597 sec/wrd  Last words len  lipidiar    63251.439779281616
Encounter get Timeout
Did not get access to the url! already browser reset
Number of words dondownloaded:  51400  Speed:  1.2354636835541706 sec/wrd  Last words len  librear    63502.833352565765
Number of words dondownloaded:  51600  Speed:  1.2352593815095665 sec/wrd  Last words len  lelilí    63739.38409566879
Number of words dondownloaded:  51800  Speed:  1.234996961645178 sec/wrd  Last words len  latiguero    63972.84262537956
Number of words dondownloaded:  52000  Speed:  1.2347553853071653 sec/wrd  Last words len  laminador    64207.28004527092
Number of words dondownloaded:  52200  Speed:  1.2348068461975374 sec/wrd  Last words len  kopek    64456.91737985611
Number of words dondownloaded:  52400  Speed:  1.2347579238387465 sec/wrd  Last words len  judicativo    64701.31521868706
Number of words dondownloaded:  52600  Speed:  1.2346384284795464 sec/wrd  Last words len  jeto    64941.98135018349
Number of words dondownloaded:  52800  Speed:  1.2345604589355714 sec/wrd  Last words len  jalda    65184.79224228859
Number of words dondownloaded:  53000  Speed:  1.2343906113201717 sec/wrd  Last words len  isoquimena    65422.70240902901
Number of words dondownloaded:  53200  Speed:  1.234137266668162 sec/wrd  Last words len  invenible    65656.10259771347
Number of words dondownloaded:  53400  Speed:  1.2339523552687428 sec/wrd  Last words len  intercomunicación    65893.05578184128
Number of words dondownloaded:  53600  Speed:  1.2337385279029163 sec/wrd  Last words len  innocuidad    66128.38510489464
Number of words dondownloaded:  53800  Speed:  1.2335640163714114 sec/wrd  Last words len  infidente    66365.74409365654
Number of words dondownloaded:  54000  Speed:  1.2332865262031556 sec/wrd  Last words len  indeleblemente    66597.47242426872
Number of words dondownloaded:  54200  Speed:  1.2330834295916822 sec/wrd  Last words len  inca    66833.12189340591
Number of words dondownloaded:  54400  Speed:  1.232809538977111 sec/wrd  Last words len  impagable    67064.83892941475
Number of words dondownloaded:  54600  Speed:  1.2327494667606913 sec/wrd  Last words len  hénide    67308.12089562416
Number of words dondownloaded:  54800  Speed:  1.232673989769316 sec/wrd  Last words len  hoyuelo    67550.53465867043
Number of words dondownloaded:  55000  Speed:  1.2326167387788947 sec/wrd  Last words len  homeotermo    67793.92064285278
Number of words dondownloaded:  55200  Speed:  1.2325232801705166 sec/wrd  Last words len  hipogrifo    68035.28507494926
Number of words dondownloaded:  55400  Speed:  1.2329574493208517 sec/wrd  Last words len  hidrosfera    68305.84270238876
Number of words dondownloaded:  55600  Speed:  1.2331796538872684 sec/wrd  Last words len  hermodátil    68564.78876590729
Number of words dondownloaded:  55800  Speed:  1.2334230483731916 sec/wrd  Last words len  helera    68825.006108284
Number of words dondownloaded:  56000  Speed:  1.2336695598236151 sec/wrd  Last words len  haldear    69085.4953622818
Number of words dondownloaded:  56200  Speed:  1.2334863593103198 sec/wrd  Last words len  gules    69321.93340373039
Number of words dondownloaded:  56400  Speed:  1.2332185181151045 sec/wrd  Last words len  guarir    69553.52443122864
Number of words dondownloaded:  56600  Speed:  1.2330309840689277 sec/wrd  Last words len  guadapero    69789.55370903015
Number of words dondownloaded:  56800  Speed:  1.2328064440505606 sec/wrd  Last words len  gratén    70023.40603256226
Number of words dondownloaded:  57000  Speed:  1.2326434656360694 sec/wrd  Last words len  gorgotero    70260.67755103111
Number of words dondownloaded:  57200  Speed:  1.232417905172268 sec/wrd  Last words len  glaseado    70494.30418491364
Number of words dondownloaded:  57400  Speed:  1.2321917219569043 sec/wrd  Last words len  genulí    70727.80485153198
Number of words dondownloaded:  57600  Speed:  1.2320243437546823 sec/wrd  Last words len  gasendista    70964.60220956802
Number of words dondownloaded:  57800  Speed:  1.2319420344111829 sec/wrd  Last words len  gangosidad    71206.24960947037
Number of words dondownloaded:  58000  Speed:  1.2318450969087666 sec/wrd  Last words len  galero    71447.01563239098
Number of words dondownloaded:  58200  Speed:  1.2317483106060945 sec/wrd  Last words len  cortacircuitos    71687.75169754028
Number of words dondownloaded:  58400  Speed:  1.231684723014701 sec/wrd  Last words len  frontenis    71930.3878338337
Number of words dondownloaded:  58600  Speed:  1.231496446429666 sec/wrd  Last words len  frailuno    72165.69177079201
Number of words dondownloaded:  58800  Speed:  1.2313190836606382 sec/wrd  Last words len  forchina    72401.56213212013
Number of words dondownloaded:  59000  Speed:  1.2310369339676226 sec/wrd  Last words len  flogisto    72631.17911577225
Number of words dondownloaded:  59200  Speed:  1.2308092526970682 sec/wrd  Last words len  filosóficamente    72863.9077796936
Number of words dondownloaded:  59400  Speed:  1.2306649928020708 sec/wrd  Last words len  ferrero    73101.50058245659
Number of words dondownloaded:  59600  Speed:  1.2304122444487258 sec/wrd  Last words len  farseto    73332.56978225708
Number of words dondownloaded:  59800  Speed:  1.2302076023159219 sec/wrd  Last words len  falangio    73566.41462755203
Number of words dondownloaded:  60000  Speed:  1.230114328622818 sec/wrd  Last words len  extrajudicialmente    73806.85972881317
Encounter get Timeout
Did not get access to the url! already browser reset
Number of words dondownloaded:  60200  Speed:  1.2302360145039732 sec/wrd  Last words len  exclamativo    74060.2080821991
Number of words dondownloaded:  60400  Speed:  1.2299278009766774 sec/wrd  Last words len  estípite    74287.63919568062
Number of words dondownloaded:  60600  Speed:  1.2297179199169965 sec/wrd  Last words len  estopeño    74520.90596318245
Number of words dondownloaded:  60800  Speed:  1.2295486801274513 sec/wrd  Last words len  estamiento    74756.55976200104
Number of words dondownloaded:  61000  Speed:  1.2294432876344588 sec/wrd  Last words len  esplender    74996.0405550003
Number of words dondownloaded:  61200  Speed:  1.229311374698589 sec/wrd  Last words len  tela adhesiva    75233.8561501503
Number of words dondownloaded:  61400  Speed:  1.2291512776236582 sec/wrd  Last words len  esculco    75469.88845705986
Number of words dondownloaded:  61600  Speed:  1.2289738540486856 sec/wrd  Last words len  esclavonio    75704.78941941261
Number of words dondownloaded:  61800  Speed:  1.2289359779458215 sec/wrd  Last words len  milanesa    75948.24345612526
Number of words dondownloaded:  62000  Speed:  1.2287514329187332 sec/wrd  Last words len  epsomita    76182.58886933327
Number of words dondownloaded:  62200  Speed:  1.228598835491291 sec/wrd  Last words len  entropillar    76418.84757637978
Number of words dondownloaded:  62400  Speed:  1.2284420421299262 sec/wrd  Last words len  entoladora    76654.78343868256
Number of words dondownloaded:  62600  Speed:  1.2283761259085073 sec/wrd  Last words len  enrique    76896.34549307823
Number of words dondownloaded:  62800  Speed:  1.228232901016618 sec/wrd  Last words len  enhumedecer    77133.02619576454
Number of words dondownloaded:  63000  Speed:  1.2280643603839572 sec/wrd  Last words len  enfullar    77368.05471277237
Number of words dondownloaded:  63200  Speed:  1.2279690325297887 sec/wrd  Last words len  endechera    77607.64286494255
Number of words dondownloaded:  63400  Speed:  1.227811870815626 sec/wrd  Last words len  encendaja    77843.27262115479
Encounter get Timeout
Encounter get Timeout
Did not get access to the url! already browser reset
Number of words dondownloaded:  63600  Speed:  1.2277732724513648 sec/wrd  Last words len  enartamiento    78086.38013744354
Number of words dondownloaded:  63800  Speed:  1.2275656092727445 sec/wrd  Last words len  empega    78318.68588399887
Number of words dondownloaded:  64000  Speed:  1.227394612390548 sec/wrd  Last words len  embolismar    78553.25520205498
Encounter get Timeout
Did not get access to the url! already browser reset
Number of words dondownloaded:  64200  Speed:  1.2273921012915554 sec/wrd  Last words len  electrotípico    78798.57291221619
Number of words dondownloaded:  64400  Speed:  1.228327647691928 sec/wrd  Last words len  ecuatoriano    79104.30052089691
Number of words dondownloaded:  64600  Speed:  1.228199573888129 sec/wrd  Last words len  dulcera    79341.69248247147
Number of words dondownloaded:  64800  Speed:  1.2280004891090923 sec/wrd  Last words len  domiciliación    79574.43170499802
Number of words dondownloaded:  65000  Speed:  1.227925907604511 sec/wrd  Last words len  disputable    79815.18400335312
Number of words dondownloaded:  65200  Speed:  1.2277942643026634 sec/wrd  Last words len  dinamometría    80052.18604159355
Number of words dondownloaded:  65400  Speed:  1.2276009648400346 sec/wrd  Last words len  diarismo    80285.10311126709
Number of words dondownloaded:  65600  Speed:  1.2273149310125084 sec/wrd  Last words len  desvelizar    80511.85949611664
Number of words dondownloaded:  65800  Speed:  1.2272565738082295 sec/wrd  Last words len  desproveer    80753.48256587982
Number of words dondownloaded:  66000  Speed:  1.2271633773825386 sec/wrd  Last words len  desparado    80992.78293156624
Number of words dondownloaded:  66200  Speed:  1.2270101975530296 sec/wrd  Last words len  desmalladura    81228.07508802414
Number of words dondownloaded:  66400  Speed:  1.2268253099307957 sec/wrd  Last words len  desgaire    81461.20059919357
Number of words dondownloaded:  66600  Speed:  1.2268112477740727 sec/wrd  Last words len  desenclavar    81705.62911128998
Number of words dondownloaded:  66800  Speed:  1.226653100516268 sec/wrd  Last words len  descordar    81940.4271235466
Number of words dondownloaded:  67000  Speed:  1.226576279686458 sec/wrd  Last words len  descalificatorio    82180.61074972153
Number of words dondownloaded:  67200  Speed:  1.2264498804687034 sec/wrd  Last words len  desarenar    82417.43198347092
Number of words dondownloaded:  67400  Speed:  1.226374416673219 sec/wrd  Last words len  desacalorarse    82657.63569355011
Number of words dondownloaded:  67600  Speed:  1.2261654844086551 sec/wrd  Last words len  demostranza    82888.78676509857
Number of words dondownloaded:  67800  Speed:  1.22595442979385 sec/wrd  Last words len  defallecido    83119.71034908295
Number of words dondownloaded:  68000  Speed:  1.2256843164072317 sec/wrd  Last words len  danubiano    83346.5335264206
Number of words dondownloaded:  68200  Speed:  1.2256124604132868 sec/wrd  Last words len  cándalo    83586.76981019974
Number of words dondownloaded:  68400  Speed:  1.2254375202091117 sec/wrd  Last words len  cuproníquel    83819.92640471458
Number of words dondownloaded:  68600  Speed:  1.2252832145315564 sec/wrd  Last words len  cucuiza    84054.42852592468
Number of words dondownloaded:  68800  Speed:  1.225126188563746 sec/wrd  Last words len  cuajicote    84288.68179488182
Number of words dondownloaded:  69000  Speed:  1.225153173280799 sec/wrd  Last words len  crispir    84535.5689675808
Number of words dondownloaded:  69200  Speed:  1.2249512248748988 sec/wrd  Last words len  maíz tostado    84766.62478590012
Number of words dondownloaded:  69400  Speed:  1.2247258399749008 sec/wrd  Last words len  corruptibilidad    84995.9733068943
Number of words dondownloaded:  69600  Speed:  1.224538478799935 sec/wrd  Last words len  coribante    85227.87814450264
Number of words dondownloaded:  69800  Speed:  1.2244869206115647 sec/wrd  Last words len  copartidario    85469.18707108498
Number of words dondownloaded:  70000  Speed:  1.2244341153587615 sec/wrd  Last words len  contramaestre    85710.38808393478
Number of words dondownloaded:  70200  Speed:  1.224405181930955 sec/wrd  Last words len  consultante    85953.2437889576
Number of words dondownloaded:  70400  Speed:  1.2244501272826032 sec/wrd  Last words len  congolona    86201.2889714241
Number of words dondownloaded:  70600  Speed:  1.2244408808112481 sec/wrd  Last words len  concluso    86445.52619457245
Number of words dondownloaded:  70800  Speed:  1.224431492184515 sec/wrd  Last words len  compasado    86689.74965810776
Number of words dondownloaded:  71000  Speed:  1.2243874881066068 sec/wrd  Last words len  colodro    86931.5116660595
Number of words dondownloaded:  71200  Speed:  1.224304118424319 sec/wrd  Last words len  cogullada    87170.45324087143
Number of words dondownloaded:  71400  Speed:  1.2242236804962159 sec/wrd  Last words len  acure    87409.5708053112
Number of words dondownloaded:  71600  Speed:  1.2240430074397413 sec/wrd  Last words len  clareza    87641.47934317589
Number of words dondownloaded:  71800  Speed:  1.223862292856227 sec/wrd  Last words len  cinquero    87873.31263685226
Number of words dondownloaded:  72000  Speed:  1.223691497206688 sec/wrd  Last words len  ciclar    88105.78785347939
Number of words dondownloaded:  72200  Speed:  1.2235493475182235 sec/wrd  Last words len  chozpo    88340.26290130615
Number of words dondownloaded:  72400  Speed:  1.223254605064076 sec/wrd  Last words len  chirlazo    88563.63342452049
Number of words dondownloaded:  72600  Speed:  1.2230081337017134 sec/wrd  Last words len  chicoriáceo    88790.39051556587
Number of words dondownloaded:  72800  Speed:  1.2227987688583333 sec/wrd  Last words len  chaqui    89019.75038099289
Number of words dondownloaded:  73000  Speed:  1.2226673171748854 sec/wrd  Last words len  chalaza    89254.7141635418
Number of words dondownloaded:  73200  Speed:  1.2224111641007043 sec/wrd  Last words len  cerrajero    89480.49722242355
Number of words dondownloaded:  73400  Speed:  1.2221145249972227 sec/wrd  Last words len  centellador    89703.20614504814
Number of words dondownloaded:  73600  Speed:  1.221808713240468 sec/wrd  Last words len  cedro    89925.12130713463
Number of words dondownloaded:  73800  Speed:  1.2216768235307398 sec/wrd  Last words len  cayadilla    90159.74958562851
Number of words dondownloaded:  74000  Speed:  1.221472141246538 sec/wrd  Last words len  catapulta    90388.93846559525
Number of words dondownloaded:  74200  Speed:  1.221261892649684 sec/wrd  Last words len  partenueces    90617.63245296478
Number of words dondownloaded:  74400  Speed:  1.2210776453280963 sec/wrd  Last words len  carpo    90848.17682266235
Number of words dondownloaded:  74600  Speed:  1.22096191832591 sec/wrd  Last words len  careza    91083.75911521912
Number of words dondownloaded:  74800  Speed:  1.2207714955341369 sec/wrd  Last words len  carajás    91313.70787620544
Number of words dondownloaded:  75000  Speed:  1.2205900276025137 sec/wrd  Last words len  capadillo    91544.25208353996
Number of words dondownloaded:  75200  Speed:  1.2204232316416628 sec/wrd  Last words len  candial    91775.82702851295
Number of words dondownloaded:  75400  Speed:  1.2204012079200948 sec/wrd  Last words len  camelíeo    92018.2510895729
Number of words dondownloaded:  75600  Speed:  1.2203467780225492 sec/wrd  Last words len  callón    92258.21643018723
Number of words dondownloaded:  75800  Speed:  1.2201246062966953 sec/wrd  Last words len  calamitosamente    92485.44516611099
Number of words dondownloaded:  76000  Speed:  1.2200115691988092 sec/wrd  Last words len  caciquil    92720.87926912308
Number of words dondownloaded:  76200  Speed:  1.2201039788823116 sec/wrd  Last words len  cabañero    92971.92320084572
Number of words dondownloaded:  76400  Speed:  1.2199682587697245 sec/wrd  Last words len  burgomaestre    93205.57497906685
Number of words dondownloaded:  76600  Speed:  1.2199212666715717 sec/wrd  Last words len  bronquítico    93445.9690387249
Number of words dondownloaded:  76800  Speed:  1.2198182076650361 sec/wrd  Last words len  brabántico    93682.03835868835
Number of words dondownloaded:  77000  Speed:  1.2197698972875421 sec/wrd  Last words len  boquino    93922.28210258484
Number of words dondownloaded:  77200  Speed:  1.219610497794003 sec/wrd  Last words len  bode    94153.93043899536
Number of words dondownloaded:  77400  Speed:  1.2194937921987332 sec/wrd  Last words len  birrefringente    94388.81952691078
Number of words dondownloaded:  77600  Speed:  1.2193370100333518 sec/wrd  Last words len  bichozno    94620.55198764801
Number of words dondownloaded:  77800  Speed:  1.2192877132298094 sec/wrd  Last words len  bencénico    94860.58410143852
Number of words dondownloaded:  78000  Speed:  1.2191474284300436 sec/wrd  Last words len  batifondo    95093.4994263649
Number of words dondownloaded:  78200  Speed:  1.2190734525775666 sec/wrd  Last words len  baremación    95331.54401636124
Number of words dondownloaded:  78400  Speed:  1.2189930270916345 sec/wrd  Last words len  balume    95569.05337405205
Encounter get Timeout
Did not get access to the url! already browser reset
Number of words dondownloaded:  78600  Speed:  1.2189870772531621 sec/wrd  Last words len  bagual    95812.38428926468
Number of words dondownloaded:  78800  Speed:  1.218801868905876 sec/wrd  Last words len  ábrego    96041.58728837967
Number of words dondownloaded:  79000  Speed:  1.2186253171510335 sec/wrd  Last words len  ayotera    96271.4000658989
Number of words dondownloaded:  79200  Speed:  1.2184986994573563 sec/wrd  Last words len  autorizador    96505.09700679779
Encounter get Timeout
Did not get access to the url! already browser reset
Encounter get Timeout
Did not get access to the url! already browser reset
Number of words dondownloaded:  79400  Speed:  1.2186083436222461 sec/wrd  Last words len  atragantar    96757.50249314308
Number of words dondownloaded:  79600  Speed:  1.2184536563421613 sec/wrd  Last words len  atal    96988.91105413437
Number of words dondownloaded:  79800  Speed:  1.218311456074392 sec/wrd  Last words len  pollinada    97221.25421237946
Number of words dondownloaded:  80000  Speed:  1.2181582728773355 sec/wrd  Last words len  artigar    97452.66185307503
Number of words dondownloaded:  80200  Speed:  1.2185122483240398 sec/wrd  Last words len  arrendaticio    97724.6823322773
Number of words dondownloaded:  80400  Speed:  1.2187580089634331 sec/wrd  Last words len  arlequinada    97988.14393162727
Number of words dondownloaded:  80600  Speed:  1.2190075143365646 sec/wrd  Last words len  archibebe    98252.00567483902
Number of words dondownloaded:  80800  Speed:  1.219291029956081 sec/wrd  Last words len  apuestamente    98518.71523332596
Number of words dondownloaded:  81000  Speed:  1.2193053172723747 sec/wrd  Last words len  apio    98763.73071813583
Number of words dondownloaded:  81200  Speed:  1.21926804906629 sec/wrd  Last words len  aovar    99004.56559276581
Number of words dondownloaded:  81400  Speed:  1.219247228375817 sec/wrd  Last words len  antiguamiento    99246.72439956665
Number of words dondownloaded:  81600  Speed:  1.2191428660060846 sec/wrd  Last words len  anoria    99482.0578751564
Number of words dondownloaded:  81800  Speed:  1.219108432094159 sec/wrd  Last words len  anegociado    99723.06975507736
Number of words dondownloaded:  82000  Speed:  1.2189596009487058 sec/wrd  Last words len  anacahuita    99954.68728685379
Number of words dondownloaded:  82200  Speed:  1.21882341590821 sec/wrd  Last words len  amigablemente    100187.2848072052
Number of words dondownloaded:  82400  Speed:  1.2187307766976865 sec/wrd  Last words len  amancay    100423.41602134705
Number of words dondownloaded:  82600  Speed:  1.2187149093312732 sec/wrd  Last words len  alpechinera    100665.85152101517
Number of words dondownloaded:  82800  Speed:  1.21872735929086 sec/wrd  Last words len  allozo    100910.6253683567
Number of words dondownloaded:  83000  Speed:  1.2186480569983102 sec/wrd  Last words len  aliaria    101147.78874588013
Number of words dondownloaded:  83200  Speed:  1.2185844122561125 sec/wrd  Last words len  alajú    101386.22311663628
Encounter get Timeout
Did not get access to the url! already browser reset
Number of words dondownloaded:  83400  Speed:  1.2186794039099622 sec/wrd  Last words len  acije    101637.8623008728
Number of words dondownloaded:  83600  Speed:  1.218609336745796 sec/wrd  Last words len  albardón    101875.74057221413
Number of words dondownloaded:  83800  Speed:  1.2185182146070113 sec/wrd  Last words len  ajenación    102111.82639431953
Number of words dondownloaded:  84000  Speed:  1.21843066043797 sec/wrd  Last words len  agudez    102348.17548537254
Number of words dondownloaded:  84200  Speed:  1.2183760113104505 sec/wrd  Last words len  agitanar    102587.2601723671
Number of words dondownloaded:  84400  Speed:  1.218270513322116 sec/wrd  Last words len  afestonado    102822.03133535385
Number of words dondownloaded:  84600  Speed:  1.2182538402052354 sec/wrd  Last words len  adoquinador    103064.27489185333
Number of words dondownloaded:  84800  Speed:  1.218134008966527 sec/wrd  Last words len  acuicultura    103297.7639784813
Number of words dondownloaded:  85000  Speed:  1.2180554430989659 sec/wrd  Last words len  acodado    103534.71267437935
Number of words dondownloaded:  85200  Speed:  1.217905031053673 sec/wrd  Last words len  acenoria    103765.50865459442
Number of words dondownloaded:  85400  Speed:  1.2178275816557838 sec/wrd  Last words len  abusionero    104002.47548222542
Number of words dondownloaded:  85600  Speed:  1.2177151299525644 sec/wrd  Last words len  ablandador    104236.415132761
Traceback (most recent call last):
  File "spidy.py", line 277, in <module>
    all_processes = [multiprocessing.Process(target=job, args = (browsers[i],words_to_search[i],queue)) for i in range(number_browsers)]
  File "spidy.py", line 277, in <listcomp>
    all_processes = [multiprocessing.Process(target=job, args = (browsers[i],words_to_search[i],queue)) for i in range(number_browsers)]
IndexError: list index out of range
list index out of range
it was saved!
Finished!
